Performing C++ SOURCE FILE Test CMAKE_HAVE_LIBC_PTHREAD failed with the following output:
Change Dir: /home/hanbin/PDC/Head-Unit/build-Head_Unit_app-Desktop-Debug/CMakeFiles/CMakeTmp

Run Build Command(s):/home/hanbin/.local/bin/ninja cmTC_26a67 && [1/2] Building CXX object CMakeFiles/cmTC_26a67.dir/src.cxx.o
[2/2] Linking CXX executable cmTC_26a67
FAILED: cmTC_26a67 
: && /usr/bin/g++  -DCMAKE_HAVE_LIBC_PTHREAD   CMakeFiles/cmTC_26a67.dir/src.cxx.o  -o cmTC_26a67   && :
/usr/bin/ld: CMakeFiles/cmTC_26a67.dir/src.cxx.o: in function `main':
src.cxx:(.text+0x46): undefined reference to `pthread_create'
/usr/bin/ld: src.cxx:(.text+0x52): undefined reference to `pthread_detach'
/usr/bin/ld: src.cxx:(.text+0x63): undefined reference to `pthread_join'
collect2: error: ld returned 1 exit status
ninja: build stopped: subcommand failed.


Source file was:
#include <pthread.h>

void* test_func(void* data)
{
  return data;
}

int main(void)
{
  pthread_t thread;
  pthread_create(&thread, NULL, test_func, NULL);
  pthread_detach(thread);
  pthread_join(thread, NULL);
  pthread_atfork(NULL, NULL, NULL);
  pthread_exit(NULL);

  return 0;
}

Determining if the function pthread_create exists in the pthreads failed with the following output:
Change Dir: /home/hanbin/PDC/Head-Unit/build-Head_Unit_app-Desktop-Debug/CMakeFiles/CMakeTmp

Run Build Command(s):/home/hanbin/.local/bin/ninja cmTC_3bd34 && [1/2] Building CXX object CMakeFiles/cmTC_3bd34.dir/CheckFunctionExists.cxx.o
[2/2] Linking CXX executable cmTC_3bd34
FAILED: cmTC_3bd34 
: && /usr/bin/g++  -DCHECK_FUNCTION_EXISTS=pthread_create   CMakeFiles/cmTC_3bd34.dir/CheckFunctionExists.cxx.o  -o cmTC_3bd34  -lpthreads && :
/usr/bin/ld: cannot find -lpthreads
collect2: error: ld returned 1 exit status
ninja: build stopped: subcommand failed.



